<?xml version="1.0" encoding="UTF-8"?>
<!-- Generated by org.testng.reporters.JUnitReportReporter -->
<testsuite skipped="0" hostname="DESKTOP-FP4V88G" name="sampleTest.SampleTest" tests="1" failures="0" timestamp="12 Aug 2017 11:02:55 GMT" time="16.498" errors="0">
  <testcase name="loginTest" time="16.498" classname="sampleTest.SampleTest"/>
</testsuite> <!-- sampleTest.SampleTest -->
